  Source.cpp
d:\artyom\visual studia projects\my_oop_2_3_work_with_files\my_oop_2_3_work_with_files\deque.h(18): warning C4290: спецификация исключений C++ игнорируется, кроме случая, когда указывается, что функция не является __declspec(nothrow)
  d:\artyom\visual studia projects\my_oop_2_3_work_with_files\my_oop_2_3_work_with_files\deque.h(44): note: выполняется компиляция ссылки на экземпляр шаблон класс "Deque<T>"
d:\artyom\visual studia projects\my_oop_2_3_work_with_files\my_oop_2_3_work_with_files\deque.h(22): warning C4290: спецификация исключений C++ игнорируется, кроме случая, когда указывается, что функция не является __declspec(nothrow)
d:\artyom\visual studia projects\my_oop_2_3_work_with_files\my_oop_2_3_work_with_files\deque.h(23): warning C4290: спецификация исключений C++ игнорируется, кроме случая, когда указывается, что функция не является __declspec(nothrow)
d:\artyom\visual studia projects\my_oop_2_3_work_with_files\my_oop_2_3_work_with_files\deque.h(24): warning C4290: спецификация исключений C++ игнорируется, кроме случая, когда указывается, что функция не является __declspec(nothrow)
d:\artyom\visual studia projects\my_oop_2_3_work_with_files\my_oop_2_3_work_with_files\deque.h(25): warning C4290: спецификация исключений C++ игнорируется, кроме случая, когда указывается, что функция не является __declspec(nothrow)
d:\artyom\visual studia projects\my_oop_2_3_work_with_files\my_oop_2_3_work_with_files\deque.h(26): warning C4290: спецификация исключений C++ игнорируется, кроме случая, когда указывается, что функция не является __declspec(nothrow)
d:\artyom\visual studia projects\my_oop_2_3_work_with_files\my_oop_2_3_work_with_files\deque.h(27): warning C4290: спецификация исключений C++ игнорируется, кроме случая, когда указывается, что функция не является __declspec(nothrow)
d:\artyom\visual studia projects\my_oop_2_3_work_with_files\my_oop_2_3_work_with_files\deque.h(28): warning C4290: спецификация исключений C++ игнорируется, кроме случая, когда указывается, что функция не является __declspec(nothrow)
d:\artyom\visual studia projects\my_oop_2_3_work_with_files\my_oop_2_3_work_with_files\deque.h(118): warning C4018: <: несоответствие типов со знаком и без знака
d:\artyom\visual studia projects\my_oop_2_3_work_with_files\my_oop_2_3_work_with_files\deque.h(121): warning C4018: <: несоответствие типов со знаком и без знака
d:\artyom\visual studia projects\my_oop_2_3_work_with_files\my_oop_2_3_work_with_files\deque.h(183): warning C4290: спецификация исключений C++ игнорируется, кроме случая, когда указывается, что функция не является __declspec(nothrow)
d:\artyom\visual studia projects\my_oop_2_3_work_with_files\my_oop_2_3_work_with_files\deque.h(200): warning C4290: спецификация исключений C++ игнорируется, кроме случая, когда указывается, что функция не является __declspec(nothrow)
d:\artyom\visual studia projects\my_oop_2_3_work_with_files\my_oop_2_3_work_with_files\deque.h(218): warning C4290: спецификация исключений C++ игнорируется, кроме случая, когда указывается, что функция не является __declspec(nothrow)
d:\artyom\visual studia projects\my_oop_2_3_work_with_files\my_oop_2_3_work_with_files\deque.h(234): warning C4290: спецификация исключений C++ игнорируется, кроме случая, когда указывается, что функция не является __declspec(nothrow)
d:\artyom\visual studia projects\my_oop_2_3_work_with_files\my_oop_2_3_work_with_files\deque.h(251): warning C4290: спецификация исключений C++ игнорируется, кроме случая, когда указывается, что функция не является __declspec(nothrow)
d:\artyom\visual studia projects\my_oop_2_3_work_with_files\my_oop_2_3_work_with_files\deque.h(268): warning C4290: спецификация исключений C++ игнорируется, кроме случая, когда указывается, что функция не является __declspec(nothrow)
d:\artyom\visual studia projects\my_oop_2_3_work_with_files\my_oop_2_3_work_with_files\deque.h(276): warning C4290: спецификация исключений C++ игнорируется, кроме случая, когда указывается, что функция не является __declspec(nothrow)
d:\artyom\visual studia projects\my_oop_2_3_work_with_files\my_oop_2_3_work_with_files\deque.h(285): warning C4290: спецификация исключений C++ игнорируется, кроме случая, когда указывается, что функция не является __declspec(nothrow)
  MY_OOP_2_3_Work_With_Files.vcxproj -> D:\Artyom\VISUAL STUDIA PROJECTS\MY_OOP_2_3_Work_With_Files\Debug\MY_OOP_2_3_Work_With_Files.exe
