d:\artyom\visual studia projects\oop_4_laba_binfiles\debug\vc141.pdb
d:\artyom\visual studia projects\oop_4_laba_binfiles\debug\vc141.idb
d:\artyom\visual studia projects\oop_4_laba_binfiles\debug\sub.obj
d:\artyom\visual studia projects\oop_4_laba_binfiles\debug\source.obj
d:\artyom\visual studia projects\oop_4_laba_binfiles\debug\inputmodule.obj
d:\artyom\visual studia projects\oop_4_laba_binfiles\debug\vc140.idb
d:\artyom\visual studia projects\oop_4_laba_binfiles\debug\oop_4_laba_binfiles.pdb
d:\artyom\visual studia projects\oop_4_laba_binfiles\debug\vc140.pdb
d:\artyom\visual studia projects\oop_4_laba_binfiles\debug\oop_4_la.ca969235.tlog\cl.command.1.tlog
d:\artyom\visual studia projects\oop_4_laba_binfiles\debug\oop_4_la.ca969235.tlog\cl.read.1.tlog
d:\artyom\visual studia projects\oop_4_laba_binfiles\debug\oop_4_la.ca969235.tlog\cl.write.1.tlog
d:\artyom\visual studia projects\oop_4_laba_binfiles\debug\oop_4_la.ca969235.tlog\link.11464-cvtres.read.1.tlog
d:\artyom\visual studia projects\oop_4_laba_binfiles\debug\oop_4_la.ca969235.tlog\link.11464-cvtres.write.1.tlog
d:\artyom\visual studia projects\oop_4_laba_binfiles\debug\oop_4_la.ca969235.tlog\link.11464-rc.read.1.tlog
d:\artyom\visual studia projects\oop_4_laba_binfiles\debug\oop_4_la.ca969235.tlog\link.11464-rc.write.1.tlog
d:\artyom\visual studia projects\oop_4_laba_binfiles\debug\oop_4_la.ca969235.tlog\link.11464.read.1.tlog
d:\artyom\visual studia projects\oop_4_laba_binfiles\debug\oop_4_la.ca969235.tlog\link.11464.write.1.tlog
d:\artyom\visual studia projects\oop_4_laba_binfiles\debug\oop_4_la.ca969235.tlog\link.command.1.tlog
d:\artyom\visual studia projects\oop_4_laba_binfiles\debug\oop_4_la.ca969235.tlog\link.read.1.tlog
d:\artyom\visual studia projects\oop_4_laba_binfiles\debug\oop_4_la.ca969235.tlog\link.write.1.tlog
